<?xml version="1.0" encoding="UTF-8"?>
<!-- Generated by org.testng.reporters.JUnitReportReporter -->
<testsuite skipped="0" hostname="Nesars-HP-Laptop" name="test.AddCustomerTest" tests="1" failures="0" timestamp="2023-03-07T09:56:21 CST" time="14.841" errors="0">
  <testcase name="validCustomerShouldBeAbleToCreateCustomer" time="14.841" classname="test.AddCustomerTest"/>
  <system-out/>
</testsuite> <!-- test.AddCustomerTest -->
